2023-03-23 17:51:57,224 - INFO - Listado de productos vista por el usuario: angel
2023-03-24 09:18:35,541 - INFO - Listado de productos vista por el usuario: angel
2023-03-24 09:18:39,608 - INFO - Página de agregar producto vista por el usuario: angel
2023-03-24 09:18:50,983 - INFO - El producto angel ha sido agregado exitosamente
2023-03-24 09:18:50,995 - INFO - Listado de productos vista por el usuario: angel
2023-03-24 09:21:13,661 - INFO - Página de agregar producto vista por el usuario: angel
2023-03-24 09:21:20,452 - WARNING - El formato del archivo no es válido al agregar un producto
2023-03-24 09:21:20,464 - INFO - Página de agregar producto vista por el usuario: angel
2023-03-24 09:27:50,478 - INFO - Página de agregar producto vista por el usuario: angel
2023-03-24 09:27:54,374 - INFO - Listado de productos vista por el usuario: angel
2023-04-17 13:11:11,927 - INFO - Galeria de productos vista por el usuario: angel
2023-04-17 13:11:27,836 - INFO - lista de productos vista por el usuario: angel
2023-04-17 13:11:30,799 - INFO - Galeria de productos vista por el usuario: angel
2023-04-17 13:11:36,059 - INFO - ver pedidos visitada por el usuario: angel
2023-04-17 13:11:39,180 - INFO - usuario creado por el usuario: angel
2023-04-17 13:11:42,289 - INFO - finanzas vista por el usuario: angel
2023-04-17 13:11:51,449 - INFO - finanzas vista por el usuario: angel
2023-04-17 17:20:03,684 - INFO - Galeria de productos vista por el usuario: angel
2023-04-17 17:20:05,022 - INFO - lista de productos vista por el usuario: angel
2023-04-17 17:20:08,777 - INFO - finanzas vista por el usuario: angel
2023-04-17 17:20:45,390 - INFO - usuario creado por el usuario: angel
2023-04-17 17:20:53,771 - INFO - obtener datos del usuario por el usuario: angel
2023-04-17 17:21:02,510 - INFO - usuario eliminado por el usuario: angel
2023-04-17 17:21:03,352 - INFO - usuario creado por el usuario: angel
2023-04-17 17:21:05,384 - INFO - usuario activado por el usuario: angel
2023-04-17 17:21:06,005 - INFO - usuario creado por el usuario: angel
2023-04-17 17:21:50,719 - INFO - finanzas vista por el usuario: angel
2023-04-17 17:22:14,338 - INFO - Galeria de productos vista por el usuario: angel
2023-04-17 17:22:42,726 - INFO - lista de productos vista por el usuario: angel
2023-04-17 17:22:53,352 - INFO - Galeria de productos vista por el usuario: angel
2023-04-17 19:28:06,531 - INFO - Galeria de productos vista por el usuario: angel
2023-04-17 19:31:39,483 - INFO - Galeria de productos vista por el usuario: angel
2023-04-17 19:33:41,918 - INFO - Galeria de productos vista por el usuario: angel
2023-04-17 19:34:08,616 - INFO - obtener domicilio por el usuario: angel
2023-04-17 19:34:10,524 - INFO - Galeria de productos vista por el usuario: angel
2023-04-17 19:34:13,566 - INFO - usuario creado por el usuario: angel
2023-04-17 19:34:26,692 - INFO - Galeria de productos vista por el usuario: Slobo
2023-04-17 19:34:33,000 - INFO - obtener domicilio por el usuario: Slobo
2023-04-17 19:35:17,297 - INFO - Galeria de productos vista por el usuario: Slobo
2023-04-17 19:35:18,565 - INFO - ver pedidos visitada por el usuario: Slobo
2023-04-17 19:35:20,389 - INFO - ver detalle visitada por el usuario: Slobo
2023-04-17 19:35:23,151 - INFO - Galeria de productos vista por el usuario: Slobo
2023-04-17 19:35:26,818 - INFO - obtener domicilio por el usuario: Slobo
2023-04-17 19:35:38,100 - INFO - Galeria de productos vista por el usuario: Slobo
2023-04-17 19:35:40,195 - INFO - Galeria de productos vista por el usuario: Slobo
2023-04-17 19:35:47,088 - INFO - obtener domicilio por el usuario: Slobo
2023-04-17 19:36:11,364 - INFO - Galeria de productos vista por el usuario: Slobo
2023-04-17 19:36:22,046 - INFO - usuario creado por el usuario: angel
2023-04-17 19:36:27,223 - INFO - finanzas vista por el usuario: angel
2023-04-17 19:37:30,157 - INFO - usuario creado por el usuario: angel
2023-04-17 19:37:32,405 - INFO - finanzas vista por el usuario: angel
2023-04-17 19:38:59,458 - INFO - finanzas vista por el usuario: angel
2023-04-17 19:41:44,007 - INFO - usuario creado por el usuario: angel
2023-04-17 19:41:48,750 - INFO - obtener datos del usuario por el usuario: angel
2023-04-17 19:42:01,116 - INFO - usuaria actualizado por el usuario: angel
2023-04-17 19:42:02,261 - INFO - usuario creado por el usuario: angel
2023-04-17 19:42:07,536 - INFO - finanzas vista por el usuario: angel
2023-04-18 21:45:55,857 - INFO - Galeria de productos vista por el usuario: angel
2023-04-18 21:46:15,152 - INFO - lista de productos vista por el usuario: angel
2023-04-18 21:46:27,797 - INFO - El producto se ha desactivado exitosamente.
2023-04-18 21:46:27,811 - INFO - lista de productos vista por el usuario: angel
2023-04-18 21:46:30,713 - INFO - Galeria de productos vista por el usuario: angel
2023-04-18 21:46:32,967 - INFO - lista de productos vista por el usuario: angel
2023-04-18 21:46:34,923 - INFO - El producto se ha desactivado exitosamente.
2023-04-18 21:46:34,937 - INFO - lista de productos vista por el usuario: angel
2023-04-18 21:46:36,103 - INFO - Galeria de productos vista por el usuario: angel
2023-04-18 21:46:42,955 - INFO - obtener domicilio por el usuario: angel
2023-04-18 21:46:51,220 - INFO - ver pedidos visitada por el usuario: angel
2023-04-18 21:46:55,854 - INFO - finanzas vista por el usuario: angel
2023-04-18 21:47:08,649 - INFO - Galeria de productos vista por el usuario: angel
2023-04-18 21:47:19,492 - INFO - lista de productos vista por el usuario: Jose
2023-04-18 21:47:34,186 - INFO - Galeria de productos vista por el usuario: angel
2023-04-18 21:47:36,626 - INFO - lista de productos vista por el usuario: angel
2023-04-18 21:47:38,100 - INFO - Galeria de productos vista por el usuario: angel
2023-04-18 21:48:18,536 - INFO - Galeria de productos vista por el usuario: angel
